{
  "RSpec": {
    "coverage": {
      "/Users/Thomas/Desktop/bookmark-challenge/spec/features/add_bookmark_spec.rb": [
        1,
        1,
        null,
        1,
        1,
        null,
        null,
        1,
        1,
        1,
        1,
        1,
        null,
        null
      ],
      "/Users/Thomas/Desktop/bookmark-challenge/spec/features/delete_bookmark_spec.rb": [
        1,
        1,
        null,
        1,
        1,
        1,
        1,
        1,
        1,
        1,
        1,
        null,
        null
      ],
      "/Users/Thomas/Desktop/bookmark-challenge/spec/features/homepage_spec.rb": [
        1,
        1,
        null,
        1,
        1,
        1,
        1,
        null,
        null
      ],
      "/Users/Thomas/Desktop/bookmark-challenge/spec/features/viewing_bookmarks_spec.rb": [
        1,
        1,
        null,
        null,
        1,
        1,
        1,
        null,
        1,
        1,
        1,
        null,
        1,
        1,
        1,
        1,
        1,
        null,
        null
      ],
      "/Users/Thomas/Desktop/bookmark-challenge/spec/units/bookmark_spec.rb": [
        1,
        1,
        null,
        1,
        null,
        1,
        null,
        1,
        1,
        1,
        null,
        null,
        1,
        1,
        null,
        1,
        1,
        1,
        null,
        null,
        1,
        1,
        1,
        1,
        1,
        1,
        null,
        null,
        null,
        null,
        1,
        1,
        null,
        1,
        null,
        null,
        null,
        1,
        1,
        1,
        1,
        1,
        1,
        1,
        1,
        null,
        null,
        null,
        null,
        1,
        1,
        null,
        1,
        1,
        1,
        null,
        null,
        null,
        null
      ],
      "/Users/Thomas/Desktop/bookmark-challenge/spec/database_helpers.rb": [
        1,
        null,
        1,
        1,
        1,
        1,
        null
      ]
    },
    "timestamp": 1549292909
  }
}
